2018-07-12 13:06:11,252 [Worker-0] INFO  c.g.t.t.d.PublishedGradleVersions - Gradle version information cache is out-of-date. Trying to update.
2018-07-12 13:18:15,193 [Worker-5] INFO  o.e.m.c.i.p.ProjectConfigurationManager - Collecting project info '/pom.xml' C:\Users\his60015\Desktop\TestJavaProjects\sampleprojects\maven-webapp\pom.xml
2018-07-12 13:18:17,498 [Worker-5] INFO  o.e.m.c.i.l.LifecycleMappingFactory - Using org.eclipse.m2e.jdt.JarLifecycleMapping lifecycle mapping for MavenProject: com.kia:maven-webapp:1.0 @ C:\Users\his60015\Desktop\TestJavaProjects\sampleprojects\maven-webapp\pom.xml.
2018-07-12 13:18:17,989 [Worker-5] INFO  o.e.m.j.i.AbstractJavaProjectConfigurator - Adding source folder /maven-webapp/src/main/java
2018-07-12 13:18:17,990 [Worker-5] INFO  o.e.m.j.i.AbstractJavaProjectConfigurator - Adding resource folder /maven-webapp/src/main/resources
2018-07-12 13:18:17,991 [Worker-5] INFO  o.e.m.j.i.AbstractJavaProjectConfigurator - Adding source folder /maven-webapp/src/test/java
2018-07-12 13:18:18,719 [Worker-5] INFO  o.e.m.c.i.p.ProjectConfigurationManager - Imported and configured 1 project(s) in 3 sec
2018-07-12 13:18:20,421 [Worker-14] WARN  o.e.m.c.i.embedder.EclipseLogger - Using platform encoding (Cp1252 actually) to copy filtered resources, i.e. build is platform dependent!
2018-07-12 13:18:20,440 [Worker-14] INFO  o.e.m.c.i.embedder.EclipseLogger - Copying 0 resource
2018-07-12 13:18:20,442 [Worker-14] WARN  o.e.m.c.i.embedder.EclipseLogger - Using platform encoding (Cp1252 actually) to copy filtered resources, i.e. build is platform dependent!
2018-07-12 13:18:20,445 [Worker-14] INFO  o.e.m.c.i.embedder.EclipseLogger - skip non existing resourceDirectory C:\Users\his60015\Desktop\TestJavaProjects\sampleprojects\maven-webapp\src\test\resources
2018-07-12 13:19:59,427 [Worker-10] INFO  o.e.m.c.i.l.LifecycleMappingFactory - Using org.eclipse.m2e.jdt.JarLifecycleMapping lifecycle mapping for MavenProject: com.kia:maven-webapp:1.0 @ C:\Users\his60015\Desktop\TestJavaProjects\sampleprojects\maven-webapp\pom.xml.
2018-07-12 13:19:59,882 [Worker-10] WARN  o.e.m.c.i.embedder.EclipseLogger - Using platform encoding (Cp1252 actually) to copy filtered resources, i.e. build is platform dependent!
2018-07-12 13:19:59,890 [Worker-10] INFO  o.e.m.c.i.embedder.EclipseLogger - Copying 0 resource
2018-07-12 13:19:59,894 [Worker-10] WARN  o.e.m.c.i.embedder.EclipseLogger - Using platform encoding (Cp1252 actually) to copy filtered resources, i.e. build is platform dependent!
2018-07-12 13:19:59,897 [Worker-10] INFO  o.e.m.c.i.embedder.EclipseLogger - skip non existing resourceDirectory C:\Users\his60015\Desktop\TestJavaProjects\sampleprojects\maven-webapp\src\test\resources
2018-07-12 13:20:06,448 [Worker-13] INFO  o.e.m.c.i.l.LifecycleMappingFactory - Using org.eclipse.m2e.jdt.JarLifecycleMapping lifecycle mapping for MavenProject: com.kia:maven-webapp:1.0 @ C:\Users\his60015\Desktop\TestJavaProjects\sampleprojects\maven-webapp\pom.xml.
2018-07-12 13:20:06,677 [Worker-13] WARN  o.e.m.c.i.embedder.EclipseLogger - Using platform encoding (Cp1252 actually) to copy filtered resources, i.e. build is platform dependent!
2018-07-12 13:20:06,682 [Worker-13] INFO  o.e.m.c.i.embedder.EclipseLogger - Copying 0 resource
2018-07-12 13:20:06,684 [Worker-13] WARN  o.e.m.c.i.embedder.EclipseLogger - Using platform encoding (Cp1252 actually) to copy filtered resources, i.e. build is platform dependent!
2018-07-12 13:20:06,689 [Worker-13] INFO  o.e.m.c.i.embedder.EclipseLogger - skip non existing resourceDirectory C:\Users\his60015\Desktop\TestJavaProjects\sampleprojects\maven-webapp\src\test\resources
2018-07-12 13:21:43,694 [Worker-11] INFO  o.e.m.c.i.l.LifecycleMappingFactory - Using org.eclipse.m2e.jdt.JarLifecycleMapping lifecycle mapping for MavenProject: com.kia:maven-webapp:1.0 @ C:\Users\his60015\Desktop\TestJavaProjects\sampleprojects\maven-webapp\pom.xml.
2018-07-12 13:21:43,922 [Worker-11] WARN  o.e.m.c.i.embedder.EclipseLogger - Using platform encoding (Cp1252 actually) to copy filtered resources, i.e. build is platform dependent!
2018-07-12 13:21:43,929 [Worker-11] INFO  o.e.m.c.i.embedder.EclipseLogger - Copying 0 resource
2018-07-12 13:21:43,932 [Worker-11] WARN  o.e.m.c.i.embedder.EclipseLogger - Using platform encoding (Cp1252 actually) to copy filtered resources, i.e. build is platform dependent!
2018-07-12 13:21:43,934 [Worker-11] INFO  o.e.m.c.i.embedder.EclipseLogger - skip non existing resourceDirectory C:\Users\his60015\Desktop\TestJavaProjects\sampleprojects\maven-webapp\src\test\resources
2018-07-12 13:24:19,316 [Worker-16] INFO  o.e.m.c.i.p.ProjectConfigurationManager - Update started
2018-07-12 13:24:19,506 [Worker-16] INFO  o.e.m.c.i.l.LifecycleMappingFactory - Using org.eclipse.m2e.jdt.JarLifecycleMapping lifecycle mapping for MavenProject: com.kia:maven-javaproject:1.0-SNAPSHOT @ C:\Users\his60015\Desktop\TestJavaProjects\sampleprojects\maven-javaproject\pom.xml.
2018-07-12 13:24:19,785 [Worker-16] INFO  o.e.m.j.i.AbstractJavaProjectConfigurator - Adding source folder /maven-javaproject/src/main/java
2018-07-12 13:24:19,788 [Worker-16] INFO  o.e.m.j.i.AbstractJavaProjectConfigurator - Adding source folder /maven-javaproject/src/test/java
2018-07-12 13:24:20,004 [Worker-16] INFO  o.e.m.c.i.p.ProjectConfigurationManager - Update completed: 0 sec
2018-07-12 13:24:20,419 [Worker-5] WARN  o.e.m.c.i.embedder.EclipseLogger - Using platform encoding (Cp1252 actually) to copy filtered resources, i.e. build is platform dependent!
2018-07-12 13:24:20,423 [Worker-5] INFO  o.e.m.c.i.embedder.EclipseLogger - skip non existing resourceDirectory C:\Users\his60015\Desktop\TestJavaProjects\sampleprojects\maven-javaproject\src\main\resources
2018-07-12 13:24:20,425 [Worker-5] WARN  o.e.m.c.i.embedder.EclipseLogger - Using platform encoding (Cp1252 actually) to copy filtered resources, i.e. build is platform dependent!
2018-07-12 13:24:20,427 [Worker-5] INFO  o.e.m.c.i.embedder.EclipseLogger - skip non existing resourceDirectory C:\Users\his60015\Desktop\TestJavaProjects\sampleprojects\maven-javaproject\src\test\resources
2018-07-12 13:25:15,881 [Worker-10] INFO  o.e.m.c.i.l.LifecycleMappingFactory - Using org.eclipse.m2e.jdt.JarLifecycleMapping lifecycle mapping for MavenProject: com.kia:maven-javaproject:1.0-SNAPSHOT @ C:\Users\his60015\Desktop\TestJavaProjects\sampleprojects\maven-javaproject\pom.xml.
2018-07-12 13:25:16,972 [Worker-10] WARN  o.e.m.c.i.embedder.EclipseLogger - Using platform encoding (Cp1252 actually) to copy filtered resources, i.e. build is platform dependent!
2018-07-12 13:25:16,977 [Worker-10] INFO  o.e.m.c.i.embedder.EclipseLogger - skip non existing resourceDirectory C:\Users\his60015\Desktop\TestJavaProjects\sampleprojects\maven-javaproject\src\main\resources
2018-07-12 13:25:16,979 [Worker-10] WARN  o.e.m.c.i.embedder.EclipseLogger - Using platform encoding (Cp1252 actually) to copy filtered resources, i.e. build is platform dependent!
2018-07-12 13:25:16,981 [Worker-10] INFO  o.e.m.c.i.embedder.EclipseLogger - skip non existing resourceDirectory C:\Users\his60015\Desktop\TestJavaProjects\sampleprojects\maven-javaproject\src\test\resources
2018-07-12 13:25:18,878 [Worker-14] WARN  o.e.m.c.i.embedder.EclipseLogger - Using platform encoding (Cp1252 actually) to copy filtered resources, i.e. build is platform dependent!
2018-07-12 13:25:18,882 [Worker-14] INFO  o.e.m.c.i.embedder.EclipseLogger - skip non existing resourceDirectory C:\Users\his60015\Desktop\TestJavaProjects\sampleprojects\maven-javaproject\src\main\resources
2018-07-12 13:25:18,883 [Worker-14] WARN  o.e.m.c.i.embedder.EclipseLogger - Using platform encoding (Cp1252 actually) to copy filtered resources, i.e. build is platform dependent!
2018-07-12 13:25:18,886 [Worker-14] INFO  o.e.m.c.i.embedder.EclipseLogger - skip non existing resourceDirectory C:\Users\his60015\Desktop\TestJavaProjects\sampleprojects\maven-javaproject\src\test\resources
2018-07-12 13:32:49,785 [Worker-21] WARN  o.e.m.c.i.embedder.EclipseLogger - Using platform encoding (Cp1252 actually) to copy filtered resources, i.e. build is platform dependent!
2018-07-12 13:32:49,791 [Worker-21] INFO  o.e.m.c.i.embedder.EclipseLogger - skip non existing resourceDirectory C:\Users\his60015\Desktop\TestJavaProjects\sampleprojects\maven-javaproject\src\main\resources
2018-07-12 13:32:49,793 [Worker-21] WARN  o.e.m.c.i.embedder.EclipseLogger - Using platform encoding (Cp1252 actually) to copy filtered resources, i.e. build is platform dependent!
2018-07-12 13:32:49,795 [Worker-21] INFO  o.e.m.c.i.embedder.EclipseLogger - skip non existing resourceDirectory C:\Users\his60015\Desktop\TestJavaProjects\sampleprojects\maven-javaproject\src\test\resources
2018-07-12 13:35:09,573 [Worker-18] WARN  o.e.m.c.i.embedder.EclipseLogger - Using platform encoding (Cp1252 actually) to copy filtered resources, i.e. build is platform dependent!
2018-07-12 13:35:09,581 [Worker-18] INFO  o.e.m.c.i.embedder.EclipseLogger - Copying 0 resource
2018-07-12 13:35:09,583 [Worker-18] WARN  o.e.m.c.i.embedder.EclipseLogger - Using platform encoding (Cp1252 actually) to copy filtered resources, i.e. build is platform dependent!
2018-07-12 13:35:09,585 [Worker-18] INFO  o.e.m.c.i.embedder.EclipseLogger - skip non existing resourceDirectory C:\Users\his60015\Desktop\TestJavaProjects\sampleprojects\maven-webapp\src\test\resources
2018-07-12 13:35:33,500 [Worker-22] WARN  o.e.m.c.i.embedder.EclipseLogger - Using platform encoding (Cp1252 actually) to copy filtered resources, i.e. build is platform dependent!
2018-07-12 13:35:33,509 [Worker-22] INFO  o.e.m.c.i.embedder.EclipseLogger - Copying 0 resource
2018-07-12 13:35:33,512 [Worker-22] WARN  o.e.m.c.i.embedder.EclipseLogger - Using platform encoding (Cp1252 actually) to copy filtered resources, i.e. build is platform dependent!
2018-07-12 13:35:33,570 [Worker-22] INFO  o.e.m.c.i.embedder.EclipseLogger - skip non existing resourceDirectory C:\Users\his60015\Desktop\TestJavaProjects\sampleprojects\maven-webapp\src\test\resources
2018-07-12 13:37:41,361 [Worker-20] INFO  o.e.m.c.i.l.LifecycleMappingFactory - Using NULL lifecycle mapping for MavenProject: com.kia:maven-parentproject:1.0 @ C:\Users\his60015\Desktop\TestJavaProjects\sampleprojects\maven-parentproject\pom.xml.
2018-07-12 13:38:55,190 [Worker-14] INFO  o.e.m.c.i.l.LifecycleMappingFactory - Using org.eclipse.m2e.jdt.JarLifecycleMapping lifecycle mapping for MavenProject: com.kia:maven-javaproject:1.0 @ C:\Users\his60015\Desktop\TestJavaProjects\sampleprojects\maven-javaproject\pom.xml.
2018-07-12 13:38:56,036 [Worker-14] WARN  o.e.m.c.i.embedder.EclipseLogger - Using platform encoding (Cp1252 actually) to copy filtered resources, i.e. build is platform dependent!
2018-07-12 13:38:56,040 [Worker-14] INFO  o.e.m.c.i.embedder.EclipseLogger - skip non existing resourceDirectory C:\Users\his60015\Desktop\TestJavaProjects\sampleprojects\maven-javaproject\src\main\resources
2018-07-12 13:38:56,043 [Worker-14] WARN  o.e.m.c.i.embedder.EclipseLogger - Using platform encoding (Cp1252 actually) to copy filtered resources, i.e. build is platform dependent!
2018-07-12 13:38:56,045 [Worker-14] INFO  o.e.m.c.i.embedder.EclipseLogger - skip non existing resourceDirectory C:\Users\his60015\Desktop\TestJavaProjects\sampleprojects\maven-javaproject\src\test\resources
2018-07-12 13:39:17,511 [Worker-14] INFO  o.e.m.c.i.l.LifecycleMappingFactory - Using org.eclipse.m2e.jdt.JarLifecycleMapping lifecycle mapping for MavenProject: com.kia:maven-webapp:1.0 @ C:\Users\his60015\Desktop\TestJavaProjects\sampleprojects\maven-webapp\pom.xml.
2018-07-12 13:39:17,681 [Worker-14] WARN  o.e.m.c.i.embedder.EclipseLogger - Using platform encoding (Cp1252 actually) to copy filtered resources, i.e. build is platform dependent!
2018-07-12 13:39:17,685 [Worker-14] INFO  o.e.m.c.i.embedder.EclipseLogger - Copying 0 resource
2018-07-12 13:39:17,686 [Worker-14] WARN  o.e.m.c.i.embedder.EclipseLogger - Using platform encoding (Cp1252 actually) to copy filtered resources, i.e. build is platform dependent!
2018-07-12 13:39:17,689 [Worker-14] INFO  o.e.m.c.i.embedder.EclipseLogger - skip non existing resourceDirectory C:\Users\his60015\Desktop\TestJavaProjects\sampleprojects\maven-webapp\src\test\resources
2018-07-12 13:40:09,299 [Worker-21] INFO  o.e.m.c.i.l.LifecycleMappingFactory - Using NULL lifecycle mapping for MavenProject: com.kia:maven-parentproject:1.0 @ C:\Users\his60015\Desktop\TestJavaProjects\sampleprojects\maven-parentproject\pom.xml.
2018-07-12 13:40:09,863 [Worker-21] INFO  o.e.m.c.i.l.LifecycleMappingFactory - Using org.eclipse.m2e.jdt.JarLifecycleMapping lifecycle mapping for MavenProject: com.kia:maven-javaproject:1.0 @ C:\Users\his60015\Desktop\TestJavaProjects\sampleprojects\maven-javaproject\pom.xml.
2018-07-12 13:40:10,610 [Worker-21] INFO  o.e.m.c.i.l.LifecycleMappingFactory - Using org.eclipse.m2e.jdt.JarLifecycleMapping lifecycle mapping for MavenProject: com.kia:maven-webapp:1.0 @ C:\Users\his60015\Desktop\TestJavaProjects\sampleprojects\maven-webapp\pom.xml.
2018-07-12 13:40:11,592 [Worker-21] WARN  o.e.m.c.i.embedder.EclipseLogger - Using platform encoding (Cp1252 actually) to copy filtered resources, i.e. build is platform dependent!
2018-07-12 13:40:11,599 [Worker-21] INFO  o.e.m.c.i.embedder.EclipseLogger - Copying 0 resource
2018-07-12 13:40:11,605 [Worker-21] WARN  o.e.m.c.i.embedder.EclipseLogger - Using platform encoding (Cp1252 actually) to copy filtered resources, i.e. build is platform dependent!
2018-07-12 13:40:11,608 [Worker-21] INFO  o.e.m.c.i.embedder.EclipseLogger - skip non existing resourceDirectory C:\Users\his60015\Desktop\TestJavaProjects\sampleprojects\maven-webapp\src\test\resources
2018-07-12 13:40:13,012 [Worker-14] WARN  o.e.m.c.i.embedder.EclipseLogger - Using platform encoding (Cp1252 actually) to copy filtered resources, i.e. build is platform dependent!
2018-07-12 13:40:13,015 [Worker-14] INFO  o.e.m.c.i.embedder.EclipseLogger - skip non existing resourceDirectory C:\Users\his60015\Desktop\TestJavaProjects\sampleprojects\maven-javaproject\src\main\resources
2018-07-12 13:40:13,018 [Worker-14] WARN  o.e.m.c.i.embedder.EclipseLogger - Using platform encoding (Cp1252 actually) to copy filtered resources, i.e. build is platform dependent!
2018-07-12 13:40:13,023 [Worker-14] INFO  o.e.m.c.i.embedder.EclipseLogger - skip non existing resourceDirectory C:\Users\his60015\Desktop\TestJavaProjects\sampleprojects\maven-javaproject\src\test\resources
2018-07-12 13:44:38,962 [Worker-22] INFO  o.e.m.c.i.l.LifecycleMappingFactory - Using NULL lifecycle mapping for MavenProject: com.kia:maven-parentproject:1.0 @ C:\Users\his60015\Desktop\TestJavaProjects\sampleprojects\maven-parentproject\pom.xml.
2018-07-12 13:44:39,891 [Worker-22] INFO  o.e.m.c.i.l.LifecycleMappingFactory - Using org.eclipse.m2e.jdt.JarLifecycleMapping lifecycle mapping for MavenProject: com.kia:maven-webapp:1.0 @ C:\Users\his60015\Desktop\TestJavaProjects\sampleprojects\maven-webapp\pom.xml.
2018-07-12 13:44:40,311 [Worker-22] INFO  o.e.m.c.i.l.LifecycleMappingFactory - Using org.eclipse.m2e.jdt.JarLifecycleMapping lifecycle mapping for MavenProject: com.kia:maven-javaproject:1.0 @ C:\Users\his60015\Desktop\TestJavaProjects\sampleprojects\maven-javaproject\pom.xml.
2018-07-12 13:44:41,293 [Worker-22] WARN  o.e.m.c.i.embedder.EclipseLogger - Using platform encoding (Cp1252 actually) to copy filtered resources, i.e. build is platform dependent!
2018-07-12 13:44:41,309 [Worker-22] INFO  o.e.m.c.i.embedder.EclipseLogger - Copying 0 resource
2018-07-12 13:44:41,309 [Worker-22] WARN  o.e.m.c.i.embedder.EclipseLogger - Using platform encoding (Cp1252 actually) to copy filtered resources, i.e. build is platform dependent!
2018-07-12 13:44:41,309 [Worker-22] INFO  o.e.m.c.i.embedder.EclipseLogger - skip non existing resourceDirectory C:\Users\his60015\Desktop\TestJavaProjects\sampleprojects\maven-webapp\src\test\resources
2018-07-12 13:44:42,677 [Worker-14] WARN  o.e.m.c.i.embedder.EclipseLogger - Using platform encoding (Cp1252 actually) to copy filtered resources, i.e. build is platform dependent!
2018-07-12 13:44:42,692 [Worker-14] INFO  o.e.m.c.i.embedder.EclipseLogger - skip non existing resourceDirectory C:\Users\his60015\Desktop\TestJavaProjects\sampleprojects\maven-javaproject\src\main\resources
2018-07-12 13:44:42,692 [Worker-14] WARN  o.e.m.c.i.embedder.EclipseLogger - Using platform encoding (Cp1252 actually) to copy filtered resources, i.e. build is platform dependent!
2018-07-12 13:44:42,708 [Worker-14] INFO  o.e.m.c.i.embedder.EclipseLogger - skip non existing resourceDirectory C:\Users\his60015\Desktop\TestJavaProjects\sampleprojects\maven-javaproject\src\test\resources
2018-07-12 13:45:33,998 [Worker-21] INFO  o.e.m.c.i.l.LifecycleMappingFactory - Using NULL lifecycle mapping for MavenProject: com.kia:maven-parentproject:1.0 @ C:\Users\his60015\Desktop\TestJavaProjects\sampleprojects\maven-parentproject\pom.xml.
2018-07-12 13:45:34,583 [Worker-21] INFO  o.e.m.c.i.l.LifecycleMappingFactory - Using org.eclipse.m2e.jdt.JarLifecycleMapping lifecycle mapping for MavenProject: com.kia:maven-webapp:1.0 @ C:\Users\his60015\Desktop\TestJavaProjects\sampleprojects\maven-webapp\pom.xml.
2018-07-12 13:45:34,883 [Worker-21] INFO  o.e.m.c.i.l.LifecycleMappingFactory - Using org.eclipse.m2e.jdt.JarLifecycleMapping lifecycle mapping for MavenProject: com.kia:maven-javaproject:1.0 @ C:\Users\his60015\Desktop\TestJavaProjects\sampleprojects\maven-javaproject\pom.xml.
2018-07-12 13:45:36,373 [Worker-21] WARN  o.e.m.c.i.embedder.EclipseLogger - Using platform encoding (Cp1252 actually) to copy filtered resources, i.e. build is platform dependent!
2018-07-12 13:45:36,382 [Worker-21] INFO  o.e.m.c.i.embedder.EclipseLogger - Copying 0 resource
2018-07-12 13:45:36,394 [Worker-21] WARN  o.e.m.c.i.embedder.EclipseLogger - Using platform encoding (Cp1252 actually) to copy filtered resources, i.e. build is platform dependent!
2018-07-12 13:45:36,397 [Worker-21] INFO  o.e.m.c.i.embedder.EclipseLogger - skip non existing resourceDirectory C:\Users\his60015\Desktop\TestJavaProjects\sampleprojects\maven-webapp\src\test\resources
2018-07-12 13:45:37,971 [Worker-23] WARN  o.e.m.c.i.embedder.EclipseLogger - Using platform encoding (Cp1252 actually) to copy filtered resources, i.e. build is platform dependent!
2018-07-12 13:45:37,981 [Worker-23] INFO  o.e.m.c.i.embedder.EclipseLogger - skip non existing resourceDirectory C:\Users\his60015\Desktop\TestJavaProjects\sampleprojects\maven-javaproject\src\main\resources
2018-07-12 13:45:37,981 [Worker-23] WARN  o.e.m.c.i.embedder.EclipseLogger - Using platform encoding (Cp1252 actually) to copy filtered resources, i.e. build is platform dependent!
2018-07-12 13:45:37,991 [Worker-23] INFO  o.e.m.c.i.embedder.EclipseLogger - skip non existing resourceDirectory C:\Users\his60015\Desktop\TestJavaProjects\sampleprojects\maven-javaproject\src\test\resources
2018-07-12 16:47:50,645 [Worker-33] INFO  o.e.m.c.i.l.LifecycleMappingFactory - Using org.eclipse.m2e.jdt.JarLifecycleMapping lifecycle mapping for MavenProject: com.kia:maven-webapp:1.0 @ C:\Users\his60015\Desktop\TestJavaProjects\sampleprojects\maven-webapp\pom.xml.
2018-07-12 16:47:50,869 [Worker-33] WARN  o.e.m.c.i.embedder.EclipseLogger - Using platform encoding (Cp1252 actually) to copy filtered resources, i.e. build is platform dependent!
2018-07-12 16:47:50,887 [Worker-33] INFO  o.e.m.c.i.embedder.EclipseLogger - Copying 0 resource
2018-07-12 16:47:50,889 [Worker-33] WARN  o.e.m.c.i.embedder.EclipseLogger - Using platform encoding (Cp1252 actually) to copy filtered resources, i.e. build is platform dependent!
2018-07-12 16:47:50,892 [Worker-33] INFO  o.e.m.c.i.embedder.EclipseLogger - skip non existing resourceDirectory C:\Users\his60015\Desktop\TestJavaProjects\sampleprojects\maven-webapp\src\test\resources
